<?xml version="1.0" encoding="UTF-8"?>
<testsuite xmlns:xsi="http://www.w3.org/2001/XMLSchema-instance" xsi:noNamespaceSchemaLocation="https://maven.apache.org/surefire/maven-surefire-plugin/xsd/surefire-test-report-3.0.xsd" version="3.0" name="CounterTest" time="0.088" tests="1" errors="0" skipped="0" failures="1">
  <properties>
    <property name="java.specification.version" value="22"/>
    <property name="sun.cpu.isalist" value="amd64"/>
    <property name="sun.jnu.encoding" value="Cp1252"/>
    <property name="java.class.path" value="C:\Users\izan3\Videos\Ejercicio2a\wc\target\test-classes;C:\Users\izan3\Videos\Ejercicio2a\wc\target\classes;C:\Users\izan3\.m2\repository\org\junit\jupiter\junit-jupiter-api\5.11.0\junit-jupiter-api-5.11.0.jar;C:\Users\izan3\.m2\repository\org\opentest4j\opentest4j\1.3.0\opentest4j-1.3.0.jar;C:\Users\izan3\.m2\repository\org\junit\platform\junit-platform-commons\1.11.0\junit-platform-commons-1.11.0.jar;C:\Users\izan3\.m2\repository\org\apiguardian\apiguardian-api\1.1.2\apiguardian-api-1.1.2.jar;C:\Users\izan3\.m2\repository\uk\org\webcompere\system-stubs-jupiter\2.1.5\system-stubs-jupiter-2.1.5.jar;C:\Users\izan3\.m2\repository\uk\org\webcompere\system-stubs-core\2.1.5\system-stubs-core-2.1.5.jar;C:\Users\izan3\.m2\repository\net\bytebuddy\byte-buddy\1.14.9\byte-buddy-1.14.9.jar;C:\Users\izan3\.m2\repository\net\bytebuddy\byte-buddy-agent\1.14.9\byte-buddy-agent-1.14.9.jar;C:\Users\izan3\.m2\repository\junit\junit\4.13.2\junit-4.13.2.jar;C:\Users\izan3\.m2\repository\org\hamcrest\hamcrest-core\1.3\hamcrest-core-1.3.jar;"/>
    <property name="java.vm.vendor" value="Oracle Corporation"/>
    <property name="sun.arch.data.model" value="64"/>
    <property name="user.variant" value=""/>
    <property name="java.vendor.url" value="https://java.oracle.com/"/>
    <property name="user.timezone" value="Europe/Madrid"/>
    <property name="os.name" value="Windows 11"/>
    <property name="java.vm.specification.version" value="22"/>
    <property name="sun.java.launcher" value="SUN_STANDARD"/>
    <property name="user.country" value="ES"/>
    <property name="sun.boot.library.path" value="C:\Program Files\Java\jdk-22\bin"/>
    <property name="sun.java.command" value="C:\Users\izan3\AppData\Local\Temp\surefire6541041600478829337\surefirebooter-20241018154905426_3.jar C:\Users\izan3\AppData\Local\Temp\surefire6541041600478829337 2024-10-18T15-48-58_578-jvmRun1 surefire-20241018154905426_1tmp surefire_0-20241018154905426_2tmp"/>
    <property name="jdk.debug" value="release"/>
    <property name="surefire.test.class.path" value="C:\Users\izan3\Videos\Ejercicio2a\wc\target\test-classes;C:\Users\izan3\Videos\Ejercicio2a\wc\target\classes;C:\Users\izan3\.m2\repository\org\junit\jupiter\junit-jupiter-api\5.11.0\junit-jupiter-api-5.11.0.jar;C:\Users\izan3\.m2\repository\org\opentest4j\opentest4j\1.3.0\opentest4j-1.3.0.jar;C:\Users\izan3\.m2\repository\org\junit\platform\junit-platform-commons\1.11.0\junit-platform-commons-1.11.0.jar;C:\Users\izan3\.m2\repository\org\apiguardian\apiguardian-api\1.1.2\apiguardian-api-1.1.2.jar;C:\Users\izan3\.m2\repository\uk\org\webcompere\system-stubs-jupiter\2.1.5\system-stubs-jupiter-2.1.5.jar;C:\Users\izan3\.m2\repository\uk\org\webcompere\system-stubs-core\2.1.5\system-stubs-core-2.1.5.jar;C:\Users\izan3\.m2\repository\net\bytebuddy\byte-buddy\1.14.9\byte-buddy-1.14.9.jar;C:\Users\izan3\.m2\repository\net\bytebuddy\byte-buddy-agent\1.14.9\byte-buddy-agent-1.14.9.jar;C:\Users\izan3\.m2\repository\junit\junit\4.13.2\junit-4.13.2.jar;C:\Users\izan3\.m2\repository\org\hamcrest\hamcrest-core\1.3\hamcrest-core-1.3.jar;"/>
    <property name="sun.cpu.endian" value="little"/>
    <property name="user.home" value="C:\Users\izan3"/>
    <property name="user.language" value="es"/>
    <property name="java.specification.vendor" value="Oracle Corporation"/>
    <property name="java.version.date" value="2024-07-16"/>
    <property name="java.home" value="C:\Program Files\Java\jdk-22"/>
    <property name="file.separator" value="\"/>
    <property name="basedir" value="C:\Users\izan3\Videos\Ejercicio2a\wc"/>
    <property name="java.vm.compressedOopsMode" value="Zero based"/>
    <property name="line.separator" value="&#10;"/>
    <property name="java.vm.specification.vendor" value="Oracle Corporation"/>
    <property name="java.specification.name" value="Java Platform API Specification"/>
    <property name="surefire.real.class.path" value="C:\Users\izan3\AppData\Local\Temp\surefire6541041600478829337\surefirebooter-20241018154905426_3.jar"/>
    <property name="user.script" value=""/>
    <property name="sun.management.compiler" value="HotSpot 64-Bit Tiered Compilers"/>
    <property name="java.runtime.version" value="22.0.2+9-70"/>
    <property name="user.name" value="izan3"/>
    <property name="stdout.encoding" value="Cp1252"/>
    <property name="path.separator" value=";"/>
    <property name="os.version" value="10.0"/>
    <property name="java.runtime.name" value="Java(TM) SE Runtime Environment"/>
    <property name="file.encoding" value="UTF-8"/>
    <property name="java.vm.name" value="Java HotSpot(TM) 64-Bit Server VM"/>
    <property name="localRepository" value="C:\Users\izan3\.m2\repository"/>
    <property name="java.vendor.url.bug" value="https://bugreport.java.com/bugreport/"/>
    <property name="java.io.tmpdir" value="C:\Users\izan3\AppData\Local\Temp\"/>
    <property name="java.version" value="22.0.2"/>
    <property name="user.dir" value="C:\Users\izan3\Videos\Ejercicio2a\wc"/>
    <property name="os.arch" value="amd64"/>
    <property name="java.vm.specification.name" value="Java Virtual Machine Specification"/>
    <property name="sun.os.patch.level" value=""/>
    <property name="native.encoding" value="Cp1252"/>
    <property name="java.library.path" value="C:\Program Files\Java\jdk-22\bin;C:\Windows\Sun\Java\bin;C:\Windows\system32;C:\Windows;C:\Program Files\Common Files\Oracle\Java\javapath;C:\Users\izan3\Flutter\flutter\bin;C:\Program Files\nodejs\;C:\ProgramData\chocolatey\bin;C:\Program Files\Git\cmd;C:\Users\izan3\AppData\Roaming\Microsoft\Windows\Start Menu\Programs\Python 3.10;C:\Users\izan3\AppData\Roaming\Microsoft\Windows\Start Menu\Programs;C:\Program Files (x86)\Java\jre-1.8\bin;C:\Program Files (x86)\Java\jre-1.8;C:\Program Files\Java\jdk-22\bin;C:\Program Files\Java\jdk-22;C:\Windows\System32;C:\Program Files\MATLAB\R2024b\bin;C:\Program Files\PuTTY\;C:\Program Files\AutoFirma\AutoFirma;C:\Users\izan3\AppData\Local\Programs\Python\Python310\Scripts\;C:\Users\izan3\AppData\Local\Programs\Python\Python310\;C:\Users\izan3\Flutter\flutter\bin;C:\Users\izan3\AppData\Roaming\npm;C:\tools\dart-sdk\bin;C:\Users\izan3\AppData\Local\Pub\Cache\bin;C:\Windows\System32\WindowsPowerShell\v1.0\;C:\Windows\System32\WindowsPowerShell\v1.0\;C:\Program Files\PowerShell\7\;C:\Users\izan3\AppData\Local\GitHubDesktop\bin;C:\Python312;C:\Users\izan3\AppData\Roaming\Microsoft\Windows\Start Menu\Programs;C:\Program Files (x86)\Java\jre-1.8\bin;C:\Program Files (x86)\Java\jre-1.8;C:\Program Files\Java\jdk-22\bin;C:\Program Files\Java\jdk-22;C:\GNAT\2021\bin;C:\Windows\System32;C:\apache-maven-3.9.9\bin;;."/>
    <property name="java.vm.info" value="mixed mode, sharing"/>
    <property name="stderr.encoding" value="Cp1252"/>
    <property name="java.vendor" value="Oracle Corporation"/>
    <property name="java.vm.version" value="22.0.2+9-70"/>
    <property name="sun.io.unicode.encoding" value="UnicodeLittle"/>
    <property name="java.class.version" value="66.0"/>
  </properties>
  <testcase name="testWordCount" classname="CounterTest" time="0.073">
    <failure message="expected:&lt;	[5	C:\Users\izan3\AppData\Local\Temp\test7954128344138145938.txt]&#10;&gt; but was:&lt;	[6	C:\Users\izan3\AppData\Local\Temp\test7954128344138145938.txt&#13;]&#10;&gt;" type="org.junit.ComparisonFailure"><![CDATA[org.junit.ComparisonFailure: 
expected:<	[5	C:\Users\izan3\AppData\Local\Temp\test7954128344138145938.txt]
> but was:<	[6	C:\Users\izan3\AppData\Local\Temp\test7954128344138145938.txt]
>
	at org.junit.Assert.assertEquals(Assert.java:117)
	at org.junit.Assert.assertEquals(Assert.java:146)
	at CounterTest.testWordCount(CounterTest.java:39)
	at java.base/java.lang.reflect.Method.invoke(Method.java:580)
]]></failure>
  </testcase>
</testsuite>